<?xml version="1.0"?>
<testsuites>





<testsuite errors="1" failures="0" name="net.thucydides.showcase.junit.features.display_product.DisplayProductDetailsTest" skipped="0" tests="1" time="8.81" timestamp="2018-07-183 05:54:45">
  <testcase classname="net.thucydides.showcase.junit.features.display_product.DisplayProductDetailsTest" name="Display product details from the search list">
    <error message="unknown error: call function result missing &apos;value&apos;
  (Session info: chrome=67.0.3396.99)
  (Driver info: chromedriver=2.33.506106 (8a06c39c4582fbfbab6966dbb1c38a9173bfb1a2),platform=Mac OS X 10.13.4 x86_64) (WARNING: The server did not provide any stacktrace information)
Command duration or timeout: 36 milliseconds
Build info: version: &apos;2.53.0&apos;, revision: &apos;35ae25b1534ae328c771e0856c93e187490ca824&apos;, time: &apos;2016-03-15 10:43:46&apos;
System info: host: &apos;Sergios-MacBook-Pro-2.local&apos;, ip: &apos;10.20.10.221&apos;, os.name: &apos;Mac OS X&apos;, os.arch: &apos;x86_64&apos;, os.version: &apos;10.13.4&apos;, java.version: &apos;1.8.0_121&apos;
Driver info: org.openqa.selenium.chrome.ChromeDriver
Capabilities [{applicationCacheEnabled=false, rotatable=false, mobileEmulationEnabled=false, networkConnectionEnabled=false, chrome={chromedriverVersion=2.33.506106 (8a06c39c4582fbfbab6966dbb1c38a9173bfb1a2), userDataDir=/var/folders/fh/zfdmsy3d7z3096p41vyjyznw0000gn/T/.org.chromium.Chromium.kmGaKL}, takesHeapSnapshot=true, pageLoadStrategy=normal, databaseEnabled=false, handlesAlerts=true, hasTouchScreen=false, version=67.0.3396.99, platform=MAC, browserConnectionEnabled=false, nativeEvents=true, acceptSslCerts=true, locationContextEnabled=true, webStorageEnabled=true, browserName=chrome, takesScreenshot=true, javascriptEnabled=true, cssSelectorsEnabled=true, setWindowRect=true, unexpectedAlertBehaviour=}]
Session ID: c552c7994fe971c97fa91f6fbc1ccfee" type="org.openqa.selenium.WebDriverException">unknown error: call function result missing &apos;value&apos;
  (Session info: chrome=67.0.3396.99)
  (Driver info: chromedriver=2.33.506106 (8a06c39c4582fbfbab6966dbb1c38a9173bfb1a2),platform=Mac OS X 10.13.4 x86_64) (WARNING: The server did not provide any stacktrace information)
Command duration or timeout: 36 milliseconds
Build info: version: &apos;2.53.0&apos;, revision: &apos;35ae25b1534ae328c771e0856c93e187490ca824&apos;, time: &apos;2016-03-15 10:43:46&apos;
System info: host: &apos;Sergios-MacBook-Pro-2.local&apos;, ip: &apos;10.20.10.221&apos;, os.name: &apos;Mac OS X&apos;, os.arch: &apos;x86_64&apos;, os.version: &apos;10.13.4&apos;, java.version: &apos;1.8.0_121&apos;
Driver info: org.openqa.selenium.chrome.ChromeDriver
Capabilities [{applicationCacheEnabled=false, rotatable=false, mobileEmulationEnabled=false, networkConnectionEnabled=false, chrome={chromedriverVersion=2.33.506106 (8a06c39c4582fbfbab6966dbb1c38a9173bfb1a2), userDataDir=/var/folders/fh/zfdmsy3d7z3096p41vyjyznw0000gn/T/.org.chromium.Chromium.kmGaKL}, takesHeapSnapshot=true, pageLoadStrategy=normal, databaseEnabled=false, handlesAlerts=true, hasTouchScreen=false, version=67.0.3396.99, platform=MAC, browserConnectionEnabled=false, nativeEvents=true, acceptSslCerts=true, locationContextEnabled=true, webStorageEnabled=true, browserName=chrome, takesScreenshot=true, javascriptEnabled=true, cssSelectorsEnabled=true, setWindowRect=true, unexpectedAlertBehaviour=}]
Session ID: c552c7994fe971c97fa91f6fbc1ccfee</error>
    <system-err>unknown error: call function result missing &apos;value&apos;
  (Session info: chrome=67.0.3396.99)
  (Driver info: chromedriver=2.33.506106 (8a06c39c4582fbfbab6966dbb1c38a9173bfb1a2),platform=Mac OS X 10.13.4 x86_64) (WARNING: The server did not provide any stacktrace information)
Command duration or timeout: 36 milliseconds
Build info: version: &apos;2.53.0&apos;, revision: &apos;35ae25b1534ae328c771e0856c93e187490ca824&apos;, time: &apos;2016-03-15 10:43:46&apos;
System info: host: &apos;Sergios-MacBook-Pro-2.local&apos;, ip: &apos;10.20.10.221&apos;, os.name: &apos;Mac OS X&apos;, os.arch: &apos;x86_64&apos;, os.version: &apos;10.13.4&apos;, java.version: &apos;1.8.0_121&apos;
Driver info: org.openqa.selenium.chrome.ChromeDriver
Capabilities [{applicationCacheEnabled=false, rotatable=false, mobileEmulationEnabled=false, networkConnectionEnabled=false, chrome={chromedriverVersion=2.33.506106 (8a06c39c4582fbfbab6966dbb1c38a9173bfb1a2), userDataDir=/var/folders/fh/zfdmsy3d7z3096p41vyjyznw0000gn/T/.org.chromium.Chromium.kmGaKL}, takesHeapSnapshot=true, pageLoadStrategy=normal, databaseEnabled=false, handlesAlerts=true, hasTouchScreen=false, version=67.0.3396.99, platform=MAC, browserConnectionEnabled=false, nativeEvents=true, acceptSslCerts=true, locationContextEnabled=true, webStorageEnabled=true, browserName=chrome, takesScreenshot=true, javascriptEnabled=true, cssSelectorsEnabled=true, setWindowRect=true, unexpectedAlertBehaviour=}]
Session ID: c552c7994fe971c97fa91f6fbc1ccfee
net.thucydides.showcase.junit.pages.HomePage.enterSearchTerms(HomePage.java:24)
net.thucydides.showcase.junit.steps.serenity.BuyerSteps.searches_by_keyword(BuyerSteps.java:29)
net.thucydides.showcase.junit.features.display_product.DisplayProductDetailsTest.display_product_details_from_the_search_list(DisplayProductDetailsTest.java:31)</system-err>
  </testcase>
</testsuite>
<testsuite errors="0" failures="0" name="net.thucydides.showcase.junit.features.petstore.AddAPetToThePetStoreTest" skipped="0" tests="3" time="4.67" timestamp="2018-07-183 05:54:44">
  <testcase classname="net.thucydides.showcase.junit.features.petstore.AddAPetToThePetStoreTest" name="Should be able delete pets from a store"/>
  <testcase classname="net.thucydides.showcase.junit.features.petstore.AddAPetToThePetStoreTest" name="Should be able to add pets to a store"/>
  <testcase classname="net.thucydides.showcase.junit.features.petstore.AddAPetToThePetStoreTest" name="Should be able delete pets from a store using json map"/>
</testsuite>
<testsuite errors="2" failures="0" name="net.thucydides.showcase.junit.features.search.SearchByKeywordTest" skipped="0" tests="2" time="12.75" timestamp="2018-07-183 05:54:45">
  <testcase classname="net.thucydides.showcase.junit.features.search.SearchByKeywordTest" name="Search for articles by shop name">
    <error message="unknown error: call function result missing &apos;value&apos;
  (Session info: chrome=67.0.3396.99)
  (Driver info: chromedriver=2.33.506106 (8a06c39c4582fbfbab6966dbb1c38a9173bfb1a2),platform=Mac OS X 10.13.4 x86_64) (WARNING: The server did not provide any stacktrace information)
Command duration or timeout: 33 milliseconds
Build info: version: &apos;2.53.0&apos;, revision: &apos;35ae25b1534ae328c771e0856c93e187490ca824&apos;, time: &apos;2016-03-15 10:43:46&apos;
System info: host: &apos;Sergios-MacBook-Pro-2.local&apos;, ip: &apos;10.20.10.221&apos;, os.name: &apos;Mac OS X&apos;, os.arch: &apos;x86_64&apos;, os.version: &apos;10.13.4&apos;, java.version: &apos;1.8.0_121&apos;
Driver info: org.openqa.selenium.chrome.ChromeDriver
Capabilities [{applicationCacheEnabled=false, rotatable=false, mobileEmulationEnabled=false, networkConnectionEnabled=false, chrome={chromedriverVersion=2.33.506106 (8a06c39c4582fbfbab6966dbb1c38a9173bfb1a2), userDataDir=/var/folders/fh/zfdmsy3d7z3096p41vyjyznw0000gn/T/.org.chromium.Chromium.bOMNnp}, takesHeapSnapshot=true, pageLoadStrategy=normal, databaseEnabled=false, handlesAlerts=true, hasTouchScreen=false, version=67.0.3396.99, platform=MAC, browserConnectionEnabled=false, nativeEvents=true, acceptSslCerts=true, locationContextEnabled=true, webStorageEnabled=true, browserName=chrome, takesScreenshot=true, javascriptEnabled=true, cssSelectorsEnabled=true, setWindowRect=true, unexpectedAlertBehaviour=}]
Session ID: 46793521392d943b25d99edc636c4c6a" type="org.openqa.selenium.WebDriverException">unknown error: call function result missing &apos;value&apos;
  (Session info: chrome=67.0.3396.99)
  (Driver info: chromedriver=2.33.506106 (8a06c39c4582fbfbab6966dbb1c38a9173bfb1a2),platform=Mac OS X 10.13.4 x86_64) (WARNING: The server did not provide any stacktrace information)
Command duration or timeout: 33 milliseconds
Build info: version: &apos;2.53.0&apos;, revision: &apos;35ae25b1534ae328c771e0856c93e187490ca824&apos;, time: &apos;2016-03-15 10:43:46&apos;
System info: host: &apos;Sergios-MacBook-Pro-2.local&apos;, ip: &apos;10.20.10.221&apos;, os.name: &apos;Mac OS X&apos;, os.arch: &apos;x86_64&apos;, os.version: &apos;10.13.4&apos;, java.version: &apos;1.8.0_121&apos;
Driver info: org.openqa.selenium.chrome.ChromeDriver
Capabilities [{applicationCacheEnabled=false, rotatable=false, mobileEmulationEnabled=false, networkConnectionEnabled=false, chrome={chromedriverVersion=2.33.506106 (8a06c39c4582fbfbab6966dbb1c38a9173bfb1a2), userDataDir=/var/folders/fh/zfdmsy3d7z3096p41vyjyznw0000gn/T/.org.chromium.Chromium.bOMNnp}, takesHeapSnapshot=true, pageLoadStrategy=normal, databaseEnabled=false, handlesAlerts=true, hasTouchScreen=false, version=67.0.3396.99, platform=MAC, browserConnectionEnabled=false, nativeEvents=true, acceptSslCerts=true, locationContextEnabled=true, webStorageEnabled=true, browserName=chrome, takesScreenshot=true, javascriptEnabled=true, cssSelectorsEnabled=true, setWindowRect=true, unexpectedAlertBehaviour=}]
Session ID: 46793521392d943b25d99edc636c4c6a</error>
    <system-err>unknown error: call function result missing &apos;value&apos;
  (Session info: chrome=67.0.3396.99)
  (Driver info: chromedriver=2.33.506106 (8a06c39c4582fbfbab6966dbb1c38a9173bfb1a2),platform=Mac OS X 10.13.4 x86_64) (WARNING: The server did not provide any stacktrace information)
Command duration or timeout: 33 milliseconds
Build info: version: &apos;2.53.0&apos;, revision: &apos;35ae25b1534ae328c771e0856c93e187490ca824&apos;, time: &apos;2016-03-15 10:43:46&apos;
System info: host: &apos;Sergios-MacBook-Pro-2.local&apos;, ip: &apos;10.20.10.221&apos;, os.name: &apos;Mac OS X&apos;, os.arch: &apos;x86_64&apos;, os.version: &apos;10.13.4&apos;, java.version: &apos;1.8.0_121&apos;
Driver info: org.openqa.selenium.chrome.ChromeDriver
Capabilities [{applicationCacheEnabled=false, rotatable=false, mobileEmulationEnabled=false, networkConnectionEnabled=false, chrome={chromedriverVersion=2.33.506106 (8a06c39c4582fbfbab6966dbb1c38a9173bfb1a2), userDataDir=/var/folders/fh/zfdmsy3d7z3096p41vyjyznw0000gn/T/.org.chromium.Chromium.bOMNnp}, takesHeapSnapshot=true, pageLoadStrategy=normal, databaseEnabled=false, handlesAlerts=true, hasTouchScreen=false, version=67.0.3396.99, platform=MAC, browserConnectionEnabled=false, nativeEvents=true, acceptSslCerts=true, locationContextEnabled=true, webStorageEnabled=true, browserName=chrome, takesScreenshot=true, javascriptEnabled=true, cssSelectorsEnabled=true, setWindowRect=true, unexpectedAlertBehaviour=}]
Session ID: 46793521392d943b25d99edc636c4c6a
net.thucydides.showcase.junit.pages.HomePage.enterSearchTerms(HomePage.java:24)
net.thucydides.showcase.junit.pages.HomePage.searchForShopCalled(HomePage.java:52)
net.thucydides.showcase.junit.steps.serenity.BuyerSteps.searches_for_shop_called(BuyerSteps.java:41)
net.thucydides.showcase.junit.features.search.SearchByKeywordTest.search_for_articles_by_shop_name(SearchByKeywordTest.java:37)</system-err>
  </testcase>
  <testcase classname="net.thucydides.showcase.junit.features.search.SearchByKeywordTest" name="Search for articles by keyword">
    <error message="unknown error: call function result missing &apos;value&apos;
  (Session info: chrome=67.0.3396.99)
  (Driver info: chromedriver=2.33.506106 (8a06c39c4582fbfbab6966dbb1c38a9173bfb1a2),platform=Mac OS X 10.13.4 x86_64) (WARNING: The server did not provide any stacktrace information)
Command duration or timeout: 39 milliseconds
Build info: version: &apos;2.53.0&apos;, revision: &apos;35ae25b1534ae328c771e0856c93e187490ca824&apos;, time: &apos;2016-03-15 10:43:46&apos;
System info: host: &apos;Sergios-MacBook-Pro-2.local&apos;, ip: &apos;10.20.10.221&apos;, os.name: &apos;Mac OS X&apos;, os.arch: &apos;x86_64&apos;, os.version: &apos;10.13.4&apos;, java.version: &apos;1.8.0_121&apos;
Driver info: org.openqa.selenium.chrome.ChromeDriver
Capabilities [{applicationCacheEnabled=false, rotatable=false, mobileEmulationEnabled=false, networkConnectionEnabled=false, chrome={chromedriverVersion=2.33.506106 (8a06c39c4582fbfbab6966dbb1c38a9173bfb1a2), userDataDir=/var/folders/fh/zfdmsy3d7z3096p41vyjyznw0000gn/T/.org.chromium.Chromium.Pd0zyB}, takesHeapSnapshot=true, pageLoadStrategy=normal, databaseEnabled=false, handlesAlerts=true, hasTouchScreen=false, version=67.0.3396.99, platform=MAC, browserConnectionEnabled=false, nativeEvents=true, acceptSslCerts=true, locationContextEnabled=true, webStorageEnabled=true, browserName=chrome, takesScreenshot=true, javascriptEnabled=true, cssSelectorsEnabled=true, setWindowRect=true, unexpectedAlertBehaviour=}]
Session ID: 7746ffdcb266426e622434820ae27a22" type="org.openqa.selenium.WebDriverException">unknown error: call function result missing &apos;value&apos;
  (Session info: chrome=67.0.3396.99)
  (Driver info: chromedriver=2.33.506106 (8a06c39c4582fbfbab6966dbb1c38a9173bfb1a2),platform=Mac OS X 10.13.4 x86_64) (WARNING: The server did not provide any stacktrace information)
Command duration or timeout: 39 milliseconds
Build info: version: &apos;2.53.0&apos;, revision: &apos;35ae25b1534ae328c771e0856c93e187490ca824&apos;, time: &apos;2016-03-15 10:43:46&apos;
System info: host: &apos;Sergios-MacBook-Pro-2.local&apos;, ip: &apos;10.20.10.221&apos;, os.name: &apos;Mac OS X&apos;, os.arch: &apos;x86_64&apos;, os.version: &apos;10.13.4&apos;, java.version: &apos;1.8.0_121&apos;
Driver info: org.openqa.selenium.chrome.ChromeDriver
Capabilities [{applicationCacheEnabled=false, rotatable=false, mobileEmulationEnabled=false, networkConnectionEnabled=false, chrome={chromedriverVersion=2.33.506106 (8a06c39c4582fbfbab6966dbb1c38a9173bfb1a2), userDataDir=/var/folders/fh/zfdmsy3d7z3096p41vyjyznw0000gn/T/.org.chromium.Chromium.Pd0zyB}, takesHeapSnapshot=true, pageLoadStrategy=normal, databaseEnabled=false, handlesAlerts=true, hasTouchScreen=false, version=67.0.3396.99, platform=MAC, browserConnectionEnabled=false, nativeEvents=true, acceptSslCerts=true, locationContextEnabled=true, webStorageEnabled=true, browserName=chrome, takesScreenshot=true, javascriptEnabled=true, cssSelectorsEnabled=true, setWindowRect=true, unexpectedAlertBehaviour=}]
Session ID: 7746ffdcb266426e622434820ae27a22</error>
    <system-err>unknown error: call function result missing &apos;value&apos;
  (Session info: chrome=67.0.3396.99)
  (Driver info: chromedriver=2.33.506106 (8a06c39c4582fbfbab6966dbb1c38a9173bfb1a2),platform=Mac OS X 10.13.4 x86_64) (WARNING: The server did not provide any stacktrace information)
Command duration or timeout: 39 milliseconds
Build info: version: &apos;2.53.0&apos;, revision: &apos;35ae25b1534ae328c771e0856c93e187490ca824&apos;, time: &apos;2016-03-15 10:43:46&apos;
System info: host: &apos;Sergios-MacBook-Pro-2.local&apos;, ip: &apos;10.20.10.221&apos;, os.name: &apos;Mac OS X&apos;, os.arch: &apos;x86_64&apos;, os.version: &apos;10.13.4&apos;, java.version: &apos;1.8.0_121&apos;
Driver info: org.openqa.selenium.chrome.ChromeDriver
Capabilities [{applicationCacheEnabled=false, rotatable=false, mobileEmulationEnabled=false, networkConnectionEnabled=false, chrome={chromedriverVersion=2.33.506106 (8a06c39c4582fbfbab6966dbb1c38a9173bfb1a2), userDataDir=/var/folders/fh/zfdmsy3d7z3096p41vyjyznw0000gn/T/.org.chromium.Chromium.Pd0zyB}, takesHeapSnapshot=true, pageLoadStrategy=normal, databaseEnabled=false, handlesAlerts=true, hasTouchScreen=false, version=67.0.3396.99, platform=MAC, browserConnectionEnabled=false, nativeEvents=true, acceptSslCerts=true, locationContextEnabled=true, webStorageEnabled=true, browserName=chrome, takesScreenshot=true, javascriptEnabled=true, cssSelectorsEnabled=true, setWindowRect=true, unexpectedAlertBehaviour=}]
Session ID: 7746ffdcb266426e622434820ae27a22
net.thucydides.showcase.junit.pages.HomePage.enterSearchTerms(HomePage.java:24)
net.thucydides.showcase.junit.steps.serenity.BuyerSteps.searches_by_keyword(BuyerSteps.java:29)
net.thucydides.showcase.junit.features.search.SearchByKeywordTest.search_for_articles_by_keyword(SearchByKeywordTest.java:30)</system-err>
  </testcase>
</testsuite>
<testsuite errors="1" failures="0" name="net.thucydides.showcase.junit.features.cart.AddItemsToCartTest" skipped="0" tests="1" time="7.9" timestamp="2018-07-183 05:54:45">
  <testcase classname="net.thucydides.showcase.junit.features.cart.AddItemsToCartTest" name="Add item to cart">
    <error message="unknown error: call function result missing &apos;value&apos;
  (Session info: chrome=67.0.3396.99)
  (Driver info: chromedriver=2.33.506106 (8a06c39c4582fbfbab6966dbb1c38a9173bfb1a2),platform=Mac OS X 10.13.4 x86_64) (WARNING: The server did not provide any stacktrace information)
Command duration or timeout: 33 milliseconds
Build info: version: &apos;2.53.0&apos;, revision: &apos;35ae25b1534ae328c771e0856c93e187490ca824&apos;, time: &apos;2016-03-15 10:43:46&apos;
System info: host: &apos;Sergios-MacBook-Pro-2.local&apos;, ip: &apos;10.20.10.221&apos;, os.name: &apos;Mac OS X&apos;, os.arch: &apos;x86_64&apos;, os.version: &apos;10.13.4&apos;, java.version: &apos;1.8.0_121&apos;
Driver info: org.openqa.selenium.chrome.ChromeDriver
Capabilities [{applicationCacheEnabled=false, rotatable=false, mobileEmulationEnabled=false, networkConnectionEnabled=false, chrome={chromedriverVersion=2.33.506106 (8a06c39c4582fbfbab6966dbb1c38a9173bfb1a2), userDataDir=/var/folders/fh/zfdmsy3d7z3096p41vyjyznw0000gn/T/.org.chromium.Chromium.1ip7sL}, takesHeapSnapshot=true, pageLoadStrategy=normal, databaseEnabled=false, handlesAlerts=true, hasTouchScreen=false, version=67.0.3396.99, platform=MAC, browserConnectionEnabled=false, nativeEvents=true, acceptSslCerts=true, locationContextEnabled=true, webStorageEnabled=true, browserName=chrome, takesScreenshot=true, javascriptEnabled=true, cssSelectorsEnabled=true, setWindowRect=true, unexpectedAlertBehaviour=}]
Session ID: 5d5170498fcc9cc93f5b1f2b64c8b461" type="org.openqa.selenium.WebDriverException">unknown error: call function result missing &apos;value&apos;
  (Session info: chrome=67.0.3396.99)
  (Driver info: chromedriver=2.33.506106 (8a06c39c4582fbfbab6966dbb1c38a9173bfb1a2),platform=Mac OS X 10.13.4 x86_64) (WARNING: The server did not provide any stacktrace information)
Command duration or timeout: 33 milliseconds
Build info: version: &apos;2.53.0&apos;, revision: &apos;35ae25b1534ae328c771e0856c93e187490ca824&apos;, time: &apos;2016-03-15 10:43:46&apos;
System info: host: &apos;Sergios-MacBook-Pro-2.local&apos;, ip: &apos;10.20.10.221&apos;, os.name: &apos;Mac OS X&apos;, os.arch: &apos;x86_64&apos;, os.version: &apos;10.13.4&apos;, java.version: &apos;1.8.0_121&apos;
Driver info: org.openqa.selenium.chrome.ChromeDriver
Capabilities [{applicationCacheEnabled=false, rotatable=false, mobileEmulationEnabled=false, networkConnectionEnabled=false, chrome={chromedriverVersion=2.33.506106 (8a06c39c4582fbfbab6966dbb1c38a9173bfb1a2), userDataDir=/var/folders/fh/zfdmsy3d7z3096p41vyjyznw0000gn/T/.org.chromium.Chromium.1ip7sL}, takesHeapSnapshot=true, pageLoadStrategy=normal, databaseEnabled=false, handlesAlerts=true, hasTouchScreen=false, version=67.0.3396.99, platform=MAC, browserConnectionEnabled=false, nativeEvents=true, acceptSslCerts=true, locationContextEnabled=true, webStorageEnabled=true, browserName=chrome, takesScreenshot=true, javascriptEnabled=true, cssSelectorsEnabled=true, setWindowRect=true, unexpectedAlertBehaviour=}]
Session ID: 5d5170498fcc9cc93f5b1f2b64c8b461</error>
    <system-err>unknown error: call function result missing &apos;value&apos;
  (Session info: chrome=67.0.3396.99)
  (Driver info: chromedriver=2.33.506106 (8a06c39c4582fbfbab6966dbb1c38a9173bfb1a2),platform=Mac OS X 10.13.4 x86_64) (WARNING: The server did not provide any stacktrace information)
Command duration or timeout: 33 milliseconds
Build info: version: &apos;2.53.0&apos;, revision: &apos;35ae25b1534ae328c771e0856c93e187490ca824&apos;, time: &apos;2016-03-15 10:43:46&apos;
System info: host: &apos;Sergios-MacBook-Pro-2.local&apos;, ip: &apos;10.20.10.221&apos;, os.name: &apos;Mac OS X&apos;, os.arch: &apos;x86_64&apos;, os.version: &apos;10.13.4&apos;, java.version: &apos;1.8.0_121&apos;
Driver info: org.openqa.selenium.chrome.ChromeDriver
Capabilities [{applicationCacheEnabled=false, rotatable=false, mobileEmulationEnabled=false, networkConnectionEnabled=false, chrome={chromedriverVersion=2.33.506106 (8a06c39c4582fbfbab6966dbb1c38a9173bfb1a2), userDataDir=/var/folders/fh/zfdmsy3d7z3096p41vyjyznw0000gn/T/.org.chromium.Chromium.1ip7sL}, takesHeapSnapshot=true, pageLoadStrategy=normal, databaseEnabled=false, handlesAlerts=true, hasTouchScreen=false, version=67.0.3396.99, platform=MAC, browserConnectionEnabled=false, nativeEvents=true, acceptSslCerts=true, locationContextEnabled=true, webStorageEnabled=true, browserName=chrome, takesScreenshot=true, javascriptEnabled=true, cssSelectorsEnabled=true, setWindowRect=true, unexpectedAlertBehaviour=}]
Session ID: 5d5170498fcc9cc93f5b1f2b64c8b461
net.thucydides.showcase.junit.pages.HomePage.enterSearchTerms(HomePage.java:24)
net.thucydides.showcase.junit.steps.serenity.BuyerSteps.searches_by_keyword(BuyerSteps.java:29)
net.thucydides.showcase.junit.features.cart.AddItemsToCartTest.add_item_to_cart(AddItemsToCartTest.java:26)</system-err>
  </testcase>
</testsuite>


</testsuites>